130710_I1089_FCD23J7ACXX_L7_CGSGHmM041ADAAAPEI-26_1.fq.gz	d59157e3-8fe2-46ed-b605-7d234028b8c6
130710_I1089_FCD23J7ACXX_L7_CGSGHmM041ADAAAPEI-26_2.fq.gz	c02b4567-f45f-4d66-8967-d7a7f8450d09
130710_I1089_FCD23J7ACXX_L6_CGSGHmM041ADAAAPEI-26_2.fq.gz	04c4daee-6bad-4b28-a27d-cc4801d46f99
130702_I1069_FCC21WAACXX_L2_CGSGHmM041ACAAAPEI-25_2.fq.gz	8a6344ed-375d-4b19-9458-303b39235170
130710_I1089_FCD23J7ACXX_L6_CGSGHmM041ADAAAPEI-26_1.fq.gz	3d925cf8-fde8-4e3d-919e-161fd4b1ce08
130702_I1069_FCC21WAACXX_L2_CGSGHmM041ACAAAPEI-25_1.fq.gz	606f06a3-e74e-4837-85e5-ac4aa6e616c6
140819_I1069_FCC5CC6ACXX_L5_ARCGHmM136ADAAAPEI-26_2.fq.gz	acaa470c-725a-4bb3-8f84-dc12a18de998
121011_I1082_FCC194JACXX_L3_ARCGHmMAAGAAAPEI_31_2.fq.gz	ec1cb287-bca8-4e10-a755-680c3491d0c0
130207_I1074_FCC1MJDACXX_L7_ARCGHMM026AUAAAPEI-36_1.fq.gz	89832bb1-3d7b-4f91-b020-cb1261902bb5
121011_I1082_FCC0H9BACXX_L1_ARCGHmMAAJAAAPEI_55_1.fq.gz	f8d02f57-f335-4a0d-be1a-059f198fbd0e
121009_I1009_FCD0R0LACXX_L6_ARCGHmMAAHAABPEI_36_2.fq.gz	a5700871-2a90-4f5d-8952-69e982b30e20
130315_I1074_FCD1R0JACXX_L7_ARCGHMM026AQAAAPEI-93_1.fq.gz	df086e54-8b90-425e-8e02-8b638fe47d1b
121011_I1082_FCC0H9BACXX_L2_ARCGHmMAAJAABPEI_56_1.fq.gz	30e6d680-f874-4f31-acee-a1940dc5b2b5
121009_I1009_FCD0R6NACXX_L2_ARCGHmMAAJAABPEI_56_2.fq.gz	ea654e87-e054-48e2-a969-fe8c6778e958
121011_I1082_FCC0H9BACXX_L3_ARCGHmMAAKAAAPEI_62_1.fq.gz	44255f82-0af9-4963-8b15-6988c78afe4d
130207_I1074_FCD1RCBACXX_L8_ARCGHMM026AVAAAPEI-37_2.fq.gz	c5c756bb-2f75-4c49-b53e-2da6937bd646
130905_I1082_FCD2ERLACXX_L5_ARCGHmM044AEAAAPEI-31_2.fq.gz	93a78507-81fc-46b5-add8-c1457532e836
121009_I1009_FCD0R6NACXX_L1_ARCGHmMAAJAAAPEI_55_2.fq.gz	56dd97f8-8e0f-4ae9-af12-983a0008b368
121009_I1009_FCD0R0LACXX_L6_ARCGHmMAAHAABPEI_36_1.fq.gz	922816b9-8670-4ca2-807c-03884c7f2731
121009_I1009_FCD0R0LACXX_L3_ARCGHmMAAGAAAPEI_31_2.fq.gz	e7478de5-1cf3-4ab5-ad29-bd0eb04eba3a
140815_I1089_FCC5C93ACXX_L7_ARCGHmM136ACAAAPEI-25_2.fq.gz	94eee900-46bf-49d3-bfd8-5e11292765a1
130710_I1089_FCD23JEACXX_L3_CGSGHmM041AHAAAPEI-36_2.fq.gz	56fc006b-f2dc-4178-95c5-90da5ab96d1b
121009_I1009_FCD0R6NACXX_L4_ARCGHmMAAKAABPEI_74_1.fq.gz	634b0ff9-afa4-4660-8634-31c6e2a6420b
121009_I1009_FCD0R6NACXX_L6_ARCGHmMAALAABPEI_88_1.fq.gz	23bf5196-4057-4170-8ddb-9a1cdb062cd6
121009_I1009_FCD0R6NACXX_L5_ARCGHmMAALAAAPEI_75_2.fq.gz	35c6fa1a-9734-481c-b236-16b8caf1a218
121009_I1009_FCD0R6NACXX_L2_ARCGHmMAAJAABPEI_56_1.fq.gz	d450919a-ae43-4bab-970e-4f57547b0a0b
130723_I1074_FCH0Y0GADXX_L1_CGSGHmM041ATAAAPEI-16_2.fq.gz	9642ef14-b224-4a97-b1fa-31960f772187
130711_I1082_FCD23E2ACXX_L5_CGSGHmM041AOAAAPEI-75_1.fq.gz	ccf57a57-71a6-4a69-894e-2be16f6ff08d
130315_I1074_FCD1R0JACXX_L8_ARCGHMM026ARAAAPEI-24_2.fq.gz	17bd2cb4-a7ca-4052-83eb-40b06b31563e
121018_I1089_FCD193NACXX_L2_ARCGHmMAAJAABPEI_56_2.fq.gz	991b1772-332b-4e96-8972-9ae85119876f
140819_I1069_FCC5CC6ACXX_L5_ARCGHmM136ADAAAPEI-26_1.fq.gz	e7fd0707-e75d-4c0b-8f4f-112716c6f9d5
121011_I1082_FCC0H9BACXX_L2_ARCGHmMAAJAABPEI_56_2.fq.gz	f39f17bc-94e7-430c-b598-47cfbef6ebe0
130403_I1009_FCC218EACXX_L3_ARCGHMM026AQAAAPEI-93_2.fq.gz	dcf3b7aa-7555-4899-94a3-8a23c8aaeeb5
121011_I1082_FCC194JACXX_L4_ARCGHmMAAGAABPEI_33_1.fq.gz	0d608eea-3859-4313-aafa-af24d0954396
121016_I1074_FCD18Y7ACXX_L7_ARCGHmMAAIAAAPEI_37_1.fq.gz	bc9aa669-4361-45f4-ac45-9e464136e961
121009_I1009_FCD0R6NACXX_L3_ARCGHmMAAKAAAPEI_62_2.fq.gz	c621f18e-9599-4b4a-95b8-937a82daf531
130711_I1082_FCD23E2ACXX_L6_CGSGHmM041APAAAPEI-88_1.fq.gz	45750dd2-6a41-47af-8eb5-5589ab7c911d
130711_I1082_FCD23E2ACXX_L6_CGSGHmM041APAAAPEI-88_2.fq.gz	753d1d74-62af-4cc5-82e6-f7a8207280cc
130710_I1089_FCD23JEACXX_L4_CGSGHmM041AHAAAPEI-36_2.fq.gz	23a6ee4f-baaa-481a-98a1-e0d1ad652d73
121011_I1082_FCC194JACXX_L3_ARCGHmMAAGAAAPEI_31_1.fq.gz	8521c8a2-a601-4bfa-978c-aba81b3283b4
121009_I1009_FCD0R0LACXX_L7_ARCGHmMAAIAAAPEI_37_1.fq.gz	fdedf6cd-9769-455f-9233-16b5972d6f29
130711_I1082_FCC21WLACXX_L5_CGSGHmM041ALAAAPEI-56_2.fq.gz	a14f8d21-d1f4-4d6b-9813-b96b4f331018
130206_I1089_FCC1MNNACXX_L7_ARCGHMM026AUAAAPEI-36_2.fq.gz	c5dd45e8-7d66-422c-b73b-4bbed550c026
130207_I1074_FCD1RCBACXX_L7_ARCGHMM026AUAAAPEI-36_2.fq.gz	6db2ddd8-57de-4ba0-9069-a3d515301dd3
121016_I1074_FCD18Y7ACXX_L3_ARCGHmMAAGAAAPEI_31_2.fq.gz	028c4751-a6a7-4050-a490-8f23651a22cd
121009_I1009_FCD0R0LACXX_L8_ARCGHmMAAIAABPEI_41_1.fq.gz	61203ae7-6f63-43de-8fb4-0532e368ba14
121011_I1082_FCC0H9BACXX_L6_ARCGHmMAALAABPEI_88_2.fq.gz	0d4003b7-4a92-46d9-a0b0-40b06c73783f
121016_I1074_FCD18Y7ACXX_L6_ARCGHmMAAHAABPEI_36_1.fq.gz	20ad547c-2dc3-4177-bcc7-e80a7899f70f
121009_I1009_FCD0R0LACXX_L5_ARCGHmMAAHAAAPEI_34_2.fq.gz	75b92bc0-ade5-4c78-bd21-d0cce20498e7
121016_I1074_FCD18Y7ACXX_L4_ARCGHmMAAGAABPEI_33_1.fq.gz	79684f4a-c104-45df-81f3-48fd67652852
121009_I1009_FCD0R6NACXX_L4_ARCGHmMAAKAABPEI_74_2.fq.gz	674a0a4c-36a0-4608-b8ce-dbb3d78023bc
140819_I1069_FCC5CC6ACXX_L4_ARCGHmM136ACAAAPEI-25_1.fq.gz	a668a2ee-3b3f-4134-9031-71da02964722
130711_I1082_FCD23E2ACXX_L7_CGSGHmM041APAAAPEI-88_2.fq.gz	3d018448-9653-4092-a1ca-688df117b2d3
121011_I1082_FCC0H9BACXX_L4_ARCGHmMAAKAABPEI_74_1.fq.gz	9f3dd4e4-35f6-4846-9b83-48fdf85a6740
121009_I1009_FCD0R0LACXX_L3_ARCGHmMAAGAAAPEI_31_1.fq.gz	92039335-4f99-4b6f-b6d1-6b3f8ebba330
121011_I1082_FCC0H9BACXX_L3_ARCGHmMAAKAAAPEI_62_2.fq.gz	977a85d5-afb2-45b5-a57f-f5eff2d868c0
130702_I1069_FCC21WAACXX_L4_CGSGHmM041AGAAAPEI-34_2.fq.gz	fc31b22e-c932-4dee-b908-c2fe0a7e3dd5
121011_I1082_FCC194JACXX_L5_ARCGHmMAAHAAAPEI_34_1.fq.gz	5664f5c5-718c-4fe1-8182-64276be1eb3b
130207_I1074_FCD1RCBACXX_L8_ARCGHMM026AVAAAPEI-37_1.fq.gz	811e75a5-6215-4564-922c-beb0dd4a6d3b
121009_I1009_FCD0R0LACXX_L5_ARCGHmMAAHAAAPEI_34_1.fq.gz	a1a6ff31-8371-49f9-894b-f06a34807c52
121016_I1074_FCD18Y7ACXX_L5_ARCGHmMAAHAAAPEI_34_1.fq.gz	67d6ca87-5922-4776-9579-7a5815294c3f
130723_I1074_FCH0Y0GADXX_L1_CGSGHmM041ATAAAPEI-16_1.fq.gz	708b84a1-1d63-47b8-9b5f-0d3593c65767
130905_I1082_FCD2ERLACXX_L6_ARCGHmM044AFAAAPEI-33_1.fq.gz	6009aeec-6fd7-4639-b960-c1743a4324b5
130206_I1089_FCC1MNNACXX_L7_ARCGHMM026AUAAAPEI-36_1.fq.gz	ed890e56-a048-4314-9b17-90d31899429e
121011_I1082_FCC0H9BACXX_L5_ARCGHmMAALAAAPEI_75_1.fq.gz	af53f218-fd17-4d4e-8af1-8b410e9b78b7
130711_I1082_FCD23E2ACXX_L7_CGSGHmM041APAAAPEI-88_1.fq.gz	b4336611-9db1-44ff-9f6d-0ee3c4828e10
121018_I1089_FCD193NACXX_L5_ARCGHmMAALAAAPEI_75_2.fq.gz	0962af53-3b2e-422b-99e9-fcf1eeb7373c
121016_I1074_FCD18Y7ACXX_L8_ARCGHmMAAIAABPEI_41_2.fq.gz	9797ccaf-cf9b-4c73-9e54-a5ecbd898b87
121018_I1089_FCD193NACXX_L6_ARCGHmMAALAABPEI_88_2.fq.gz	ff39d9d5-91b1-4807-83d6-07b7753a4228
121011_I1082_FCC194JACXX_L7_ARCGHmMAAIAAAPEI_37_1.fq.gz	4988c524-961a-40a1-a816-ae3f391522e0
121009_I1009_FCD0R6NACXX_L5_ARCGHmMAALAAAPEI_75_1.fq.gz	dd78d909-bf67-40d4-a7fb-cb1db4171622
130702_I1069_FCC21WAACXX_L4_CGSGHmM041AGAAAPEI-34_1.fq.gz	b8c4f088-4b70-490d-a71d-5ce3aae07025
121018_I1089_FCD193NACXX_L4_ARCGHmMAAKAABPEI_74_1.fq.gz	583f97ab-1241-4ee9-81b4-e37cc5f95509
121016_I1074_FCD18Y7ACXX_L8_ARCGHmMAAIAABPEI_41_1.fq.gz	f0e05bf4-8df7-42f3-ab55-83053e2e44fc
121016_I1074_FCD18Y7ACXX_L7_ARCGHmMAAIAAAPEI_37_2.fq.gz	41873b36-4d66-4d86-a59f-4da7c8010be2
121009_I1009_FCD0R0LACXX_L8_ARCGHmMAAIAABPEI_41_2.fq.gz	0c4747ff-187c-4d39-b0af-8dff822554a4
140819_I1069_FCC5CC6ACXX_L4_ARCGHmM136ACAAAPEI-25_2.fq.gz	cee11cdf-d220-4055-b08e-e4b9e9c547aa
121016_I1074_FCD18Y7ACXX_L4_ARCGHmMAAGAABPEI_33_2.fq.gz	1a325274-3f09-4a7c-99a6-62613ae4588e
130322_I1069_FCC1VKWACXX_L8_ARCGHMM026ARAAAPEI-24_2.fq.gz	24518540-606f-4203-bdd1-b88a80ed7a7b
121018_I1089_FCD193NACXX_L1_ARCGHmMAAJAAAPEI_55_2.fq.gz	950469a1-bb28-4386-a8ff-fabfa9fd5f0f
121011_I1082_FCC0H9BACXX_L1_ARCGHmMAAJAAAPEI_55_2.fq.gz	c654423c-e31d-4dd0-bbdb-b951b1bd9b09
130710_I1089_FCD23J7ACXX_L2_CGSGHmM041AKAAAPEI-55_2.fq.gz	587f9bd2-5f5c-4baa-84ff-454150975d4e
121011_I1082_FCC194JACXX_L8_ARCGHmMAAIAABPEI_41_1.fq.gz	eabab0e8-c04c-4cc3-82ad-bb1743f4ebd8
130905_I1082_FCD2ERLACXX_L6_ARCGHmM044AFAAAPEI-33_2.fq.gz	db82bf74-eadd-4d57-ac48-9b436799e954
121016_I1074_FCD18Y7ACXX_L6_ARCGHmMAAHAABPEI_36_2.fq.gz	8a28a137-a3ef-4441-8536-28a1469cbc1d
121009_I1009_FCD0R6NACXX_L6_ARCGHmMAALAABPEI_88_2.fq.gz	9fb02527-699d-4449-8a40-0cd4cef06085
121009_I1009_FCD0R0LACXX_L4_ARCGHmMAAGAABPEI_33_2.fq.gz	55ad8d7c-0218-447a-a754-f36842f58495
121011_I1082_FCC0H9BACXX_L6_ARCGHmMAALAABPEI_88_1.fq.gz	67315c3a-2f2a-4afa-bdf5-07b2c3950d47
130710_I1089_FCD23JEACXX_L3_CGSGHmM041AHAAAPEI-36_1.fq.gz	9a7eff76-720a-43cd-9c9f-d22ef513f09d
121009_I1009_FCD0R6NACXX_L1_ARCGHmMAAJAAAPEI_55_1.fq.gz	3314794d-f2f3-4970-99d5-d0eded0bfc4f
130207_I1074_FCC1MJDACXX_L8_ARCGHMM026AVAAAPEI-37_1.fq.gz	b37800fe-fc8c-4ba5-af99-091df22f8be4
130710_I1089_FCD23JEACXX_L4_CGSGHmM041AHAAAPEI-36_1.fq.gz	55326e51-df05-47d7-a5e1-4c7e8d46a45e
130207_I1074_FCD1RCBACXX_L7_ARCGHMM026AUAAAPEI-36_1.fq.gz	74888fc3-b688-40d8-a9f7-66cee7f12116
130322_I1069_FCC1ME7ACXX_L3_ARCGHMM026ARAAAPEI-24_1.fq.gz	c0275c70-bb07-4a98-894e-3da42e53cd3b
130711_I1082_FCC21WLACXX_L6_CGSGHmM041ALAAAPEI-56_1.fq.gz	d82424bd-5466-40cf-8b7f-023dd3204e6e
121011_I1082_FCC0H9BACXX_L4_ARCGHmMAAKAABPEI_74_2.fq.gz	f404d88f-cbc8-49a2-a36a-842061270017
121018_I1089_FCD193NACXX_L1_ARCGHmMAAJAAAPEI_55_1.fq.gz	5c6d17ea-5372-4bdc-99c4-ddf4a406acce
121016_I1074_FCD18Y7ACXX_L3_ARCGHmMAAGAAAPEI_31_1.fq.gz	ab09d671-13bb-4e2d-8e05-ec7be8fa7c8b
130322_I1069_FCC1VKWACXX_L7_ARCGHMM026AQAAAPEI-93_1.fq.gz	697faad6-c7a4-4987-943f-447ff218084e
130723_I1074_FCH0Y0GADXX_L2_CGSGHmM041ATAAAPEI-16_1.fq.gz	0f1530cd-a998-4156-92b9-6dc29f9e2718
121018_I1089_FCD193NACXX_L6_ARCGHmMAALAABPEI_88_1.fq.gz	1f3ee3fa-c4c8-4db9-927f-de1e8f2ad305
121009_I1009_FCD0R0LACXX_L4_ARCGHmMAAGAABPEI_33_1.fq.gz	58599178-c978-43bc-9ef6-39e6ebe8edce
121018_I1089_FCD193NACXX_L3_ARCGHmMAAKAAAPEI_62_1.fq.gz	dd6ffa41-f746-4e80-bf12-bd368b8c9166
130206_I1089_FCC1MNNACXX_L8_ARCGHMM026AVAAAPEI-37_1.fq.gz	add9b428-5497-4e4d-87a6-b293118556a0
130717_I1069_FCD22VKACXX_L1_CGSGHmM041ASAAAPEI-93_2.fq.gz	6f1afc77-8b33-4b97-a02b-751a780aa7b3
121011_I1082_FCC194JACXX_L8_ARCGHmMAAIAABPEI_41_2.fq.gz	0d7dcf00-974c-4090-83aa-bf4bcdc378c5
121018_I1089_FCD193NACXX_L4_ARCGHmMAAKAABPEI_74_2.fq.gz	1f69f1b2-c1a8-4ccb-87f7-29cb28858b80
130207_I1074_FCC1MJDACXX_L8_ARCGHMM026AVAAAPEI-37_2.fq.gz	93ea6230-3cd9-4727-bd7c-7819c591d842
130723_I1074_FCH0Y0GADXX_L2_CGSGHmM041ATAAAPEI-16_2.fq.gz	759c4201-5108-43c3-9fbc-27cd4130257d
121016_I1074_FCD18Y7ACXX_L5_ARCGHmMAAHAAAPEI_34_2.fq.gz	e937b758-9440-4343-ba74-8c39a412989e
130711_I1082_FCD23E2ACXX_L5_CGSGHmM041AOAAAPEI-75_2.fq.gz	5516bb86-7426-4560-8f21-32f7a3f267b6
121018_I1089_FCD193NACXX_L3_ARCGHmMAAKAAAPEI_62_2.fq.gz	00855d28-408e-4af7-b3a5-be9d2b8786e5
130823_I1089_FCD27R4ACXX_L6_ARCGHmM044AFAAAPEI-33_2.fq.gz	18811b53-a0a5-4128-a9e5-a0baea48206f
140815_I1089_FCC5C93ACXX_L7_ARCGHmM136ACAAAPEI-25_1.fq.gz	44f7ec77-c9db-4285-b963-b10202f8bcd3
121011_I1082_FCC0H9BACXX_L5_ARCGHmMAALAAAPEI_75_2.fq.gz	4a0b97c3-9a39-4520-8d43-e5598754b655
130711_I1082_FCC21WLACXX_L5_CGSGHmM041ALAAAPEI-56_1.fq.gz	e3d41763-4682-4431-ab77-0df222bb00ae
121011_I1082_FCC194JACXX_L5_ARCGHmMAAHAAAPEI_34_2.fq.gz	bfd3b912-c6b7-4101-972d-c8b48382e605
130322_I1069_FCC1VKWACXX_L8_ARCGHMM026ARAAAPEI-24_1.fq.gz	e41c0f91-08fa-4df6-9848-25c7a082bfde
121009_I1009_FCD0R6NACXX_L3_ARCGHmMAAKAAAPEI_62_1.fq.gz	a028a9a4-4f37-4f57-bbf2-c1a7c61fd431
121011_I1082_FCC194JACXX_L6_ARCGHmMAAHAABPEI_36_1.fq.gz	efa93297-4dd0-4cbb-b2a0-4ac2daace7a0
130905_I1082_FCD2ERLACXX_L8_ARCGHmM044AHAAAPEI-36_1.fq.gz	1e2296dd-9a88-46aa-9c2f-a7c65024a859
130823_I1089_FCD27R4ACXX_L7_ARCGHmM044AHAAAPEI-36_2.fq.gz	6b989d0f-9d37-480a-b0b6-4baa290959ae
130322_I1069_FCC1VKWACXX_L7_ARCGHMM026AQAAAPEI-93_2.fq.gz	11d96254-c718-4dc1-93a3-d5c672b23239
130905_I1082_FCD2ERLACXX_L8_ARCGHmM044AHAAAPEI-36_2.fq.gz	801bd9e3-4330-4c4e-ab79-a46491332c82
121018_I1089_FCD193NACXX_L5_ARCGHmMAALAAAPEI_75_1.fq.gz	7c5a794a-f422-4d9c-8a12-131dd6b38d2b
130206_I1089_FCC1MNNACXX_L8_ARCGHMM026AVAAAPEI-37_2.fq.gz	461d5b4a-0548-44dc-a7f0-b8bc13371664
130315_I1074_FCD1R0JACXX_L8_ARCGHMM026ARAAAPEI-24_1.fq.gz	81256d32-9f49-4590-8cbb-3916c69bcf8f
121011_I1082_FCC194JACXX_L4_ARCGHmMAAGAABPEI_33_2.fq.gz	74e4fa87-6055-43c3-9dd0-f81dc087709b
130823_I1089_FCD27R4ACXX_L7_ARCGHmM044AHAAAPEI-36_1.fq.gz	cf0bc37d-3714-4d70-ba4f-26d6c9be940f
121009_I1009_FCD0R0LACXX_L7_ARCGHmMAAIAAAPEI_37_2.fq.gz	64124081-abd5-4235-8e79-ed4ee3392a3d
130905_I1082_FCD2ERLACXX_L5_ARCGHmM044AEAAAPEI-31_1.fq.gz	93175ac3-77c7-4529-a8f4-53b747144194
130717_I1069_FCD22VKACXX_L1_CGSGHmM041ASAAAPEI-93_1.fq.gz	7e50ddbd-9ce7-4af7-b57b-51a1e6302cdd
130207_I1074_FCC1MJDACXX_L7_ARCGHMM026AUAAAPEI-36_2.fq.gz	633e7f3f-f4a6-44b8-83c9-7cc79cc04023
130905_I1082_FCD2ERLACXX_L7_ARCGHmM044AGAAAPEI-34_1.fq.gz	e24e3e27-cc81-4f23-a5fc-fefb5e4da892
130905_I1082_FCD2ERLACXX_L7_ARCGHmM044AGAAAPEI-34_2.fq.gz	67b23c12-0a6a-4f70-9edb-9d47a5989787
130711_I1082_FCC21WLACXX_L6_CGSGHmM041ALAAAPEI-56_2.fq.gz	df4ec238-df03-457f-ac77-e76287e3c5a2
121011_I1082_FCC194JACXX_L7_ARCGHmMAAIAAAPEI_37_2.fq.gz	e48b6f12-19a9-4271-b128-519e8eae5a3d
130823_I1089_FCD27R4ACXX_L6_ARCGHmM044AFAAAPEI-33_1.fq.gz	bdc3dd15-45f6-4c12-9518-b87d17a563ac
130322_I1069_FCC1ME7ACXX_L3_ARCGHMM026ARAAAPEI-24_2.fq.gz	db76cc77-5742-4029-bad7-e0544e54d117
121018_I1089_FCD193NACXX_L2_ARCGHmMAAJAABPEI_56_1.fq.gz	edaeccf5-7a63-49a1-af9d-eed89b696a9b
130403_I1009_FCC218EACXX_L3_ARCGHMM026AQAAAPEI-93_1.fq.gz	56d8927b-9445-4933-8110-94a8be2cfc77
121011_I1082_FCC194JACXX_L6_ARCGHmMAAHAABPEI_36_2.fq.gz	41c69b6a-f0ae-4e7f-8b98-99b35edf1f12
130710_I1089_FCD23J7ACXX_L2_CGSGHmM041AKAAAPEI-55_1.fq.gz	f97f8d48-eace-4086-a474-c0d4104d4c45
130315_I1074_FCD1R0JACXX_L7_ARCGHMM026AQAAAPEI-93_2.fq.gz	a5d4ac35-eccc-49e5-be29-7bbeb7cc6b34
130307_I1135_FCC1PFHACXX_L1_ARCGHMM026ANAAAPEI-88_2.fq.gz	2ab88097-f2bd-4429-b698-c816c10ad5f3
130312_I1125_FCC1PR4ACXX_L5_ARCGHMM026ANAAAPEI-88_1.fq.gz	c07b97a0-a767-4039-9763-00d2ea1b99dd
130305_I7001139_FCC1HY9ACXX_L8_ARCGHMM026AMAAAPEI-75_1.fq.gz	fcfedfaf-733f-4e10-9ef7-93e2d59e1ce2
130312_I1125_FCC0WDGACXX_L5_ARCGHMM026AMAAAPEI-75_2.fq.gz	66fc1a2b-9007-4b24-9633-f8c96c49545f
130502_I1074_FCD1YY4ACXX_L6_ARCGHMM026AMAAAPEI-75_1.fq.gz	a944bd97-457b-476e-837a-13061ffbd3e7
130515_I1069_FCC1VK9ACXX_L8_ARCGHMM026AMAAAPEI-75_2.fq.gz	6d4146ba-1896-4d98-8298-65dbf036eb69
130312_I1125_FCC1PR4ACXX_L5_ARCGHMM026ANAAAPEI-88_2.fq.gz	80ed85d1-1773-49a8-b94a-228fc9c6ed70
130502_I1074_FCD1YY4ACXX_L6_ARCGHMM026AMAAAPEI-75_2.fq.gz	540a0e46-577d-473b-a654-3c224f0cdaa3
130307_I1135_FCC1PFHACXX_L1_ARCGHMM026ANAAAPEI-88_1.fq.gz	67587d78-ed15-4ec0-ad55-87c191dc73ad
130502_I1074_FCD1YY4ACXX_L5_ARCGHMM026AMAAAPEI-75_2.fq.gz	9c9490d3-d600-4695-ad0f-45903f651966
130515_I1069_FCC1VK9ACXX_L8_ARCGHMM026AMAAAPEI-75_1.fq.gz	0ab52705-4f35-4e3b-85ce-36a8cd278352
130312_I1125_FCC0WDGACXX_L5_ARCGHMM026AMAAAPEI-75_1.fq.gz	cbaa38c3-e54c-4d83-b4f7-ab7523320bc6
130502_I1074_FCD1YY4ACXX_L5_ARCGHMM026AMAAAPEI-75_1.fq.gz	a0de2cc7-ae07-4b80-a193-6ff9691d15b7
130305_I7001139_FCC1HY9ACXX_L8_ARCGHMM026AMAAAPEI-75_2.fq.gz	714b3e0b-b024-4e7f-8512-ae3e9d6bc7c0
