141008_I1082_FCC5K1KACXX_L1_ARCGHmM136AAAAAPEI-19_2.fq.gz
141008_I1082_FCC5K1KACXX_L1_ARCGHmM136AAAAAPEI-19_1.fq.gz
140918_I1089_FCC5GHEACXX_L7_ARCGHmM136ABAAAPEI-24_2.fq.gz
140918_I1089_FCC5GHEACXX_L7_ARCGHmM136ABAAAPEI-24_1.fq.gz
140918_I1089_FCC5GHEACXX_L6_ARCGHmM136AAAAAPEI-19_2.fq.gz
140918_I1089_FCC5GHEACXX_L6_ARCGHmM136AAAAAPEI-19_1.fq.gz
140909_I1069_FCC5C97ACXX_L1_ARCGHmM136ABAAAPEI-24_2.fq.gz
140909_I1069_FCC5C97ACXX_L1_ARCGHmM136ABAAAPEI-24_1.fq.gz
140829_I1089_FCC5F70ACXX_L1_ARCGHmM136AAAAAPEI-19_2.fq.gz
140829_I1089_FCC5F70ACXX_L1_ARCGHmM136AAAAAPEI-19_1.fq.gz
140819_I1069_FCC5CC6ACXX_L5_ARCGHmM136ADAAAPEI-26_2.fq.gz
140819_I1069_FCC5CC6ACXX_L5_ARCGHmM136ADAAAPEI-26_1.fq.gz
140819_I1069_FCC5CC6ACXX_L4_ARCGHmM136ACAAAPEI-25_2.fq.gz
140819_I1069_FCC5CC6ACXX_L4_ARCGHmM136ACAAAPEI-25_1.fq.gz
140819_I1069_FCC5C8BACXX_L3_ARCGHmM136ABAAAPEI-24_2.fq.gz
140819_I1069_FCC5C8BACXX_L3_ARCGHmM136ABAAAPEI-24_1.fq.gz
140815_I1089_FCC5C93ACXX_L7_ARCGHmM136ACAAAPEI-25_2.fq.gz
140815_I1089_FCC5C93ACXX_L7_ARCGHmM136ACAAAPEI-25_1.fq.gz
130906_I1089_FCC2D5HACXX_L6_ARCGHmM044AJAAAPEI-41_2.fq.gz
130906_I1089_FCC2D5HACXX_L6_ARCGHmM044AJAAAPEI-41_1.fq.gz
130906_I1089_FCC2D5HACXX_L5_ARCGHmM044AJAAAPEI-41_2.fq.gz
130906_I1089_FCC2D5HACXX_L5_ARCGHmM044AJAAAPEI-41_1.fq.gz
130906_I1089_FCC2D5HACXX_L4_ARCGHmM044AIAAAPEI-37_2.fq.gz
130906_I1089_FCC2D5HACXX_L4_ARCGHmM044AIAAAPEI-37_1.fq.gz
130906_I1089_FCC2D5HACXX_L3_ARCGHmM044AIAAAPEI-37_2.fq.gz
130906_I1089_FCC2D5HACXX_L3_ARCGHmM044AIAAAPEI-37_1.fq.gz
130906_I1089_FCC2D5HACXX_L2_ARCGHmM044ALAAAPEI-56_2.fq.gz
130906_I1089_FCC2D5HACXX_L2_ARCGHmM044ALAAAPEI-56_1.fq.gz
130906_I1089_FCC2D5HACXX_L1_ARCGHmM044ALAAAPEI-56_2.fq.gz
130906_I1089_FCC2D5HACXX_L1_ARCGHmM044ALAAAPEI-56_1.fq.gz
130905_I1082_FCD2ERLACXX_L8_ARCGHmM044AHAAAPEI-36_2.fq.gz
130905_I1082_FCD2ERLACXX_L8_ARCGHmM044AHAAAPEI-36_1.fq.gz
130905_I1082_FCD2ERLACXX_L7_ARCGHmM044AGAAAPEI-34_2.fq.gz
130905_I1082_FCD2ERLACXX_L7_ARCGHmM044AGAAAPEI-34_1.fq.gz
130905_I1082_FCD2ERLACXX_L6_ARCGHmM044AFAAAPEI-33_2.fq.gz
130905_I1082_FCD2ERLACXX_L6_ARCGHmM044AFAAAPEI-33_1.fq.gz
130905_I1082_FCD2ERLACXX_L5_ARCGHmM044AEAAAPEI-31_2.fq.gz
130905_I1082_FCD2ERLACXX_L5_ARCGHmM044AEAAAPEI-31_1.fq.gz
130905_I1082_FCD21N0ACXX_L5_ARCGHmM044AJAAAPEI-41_2.fq.gz
130905_I1082_FCD21N0ACXX_L5_ARCGHmM044AJAAAPEI-41_1.fq.gz
130905_I1082_FCD21N0ACXX_L4_ARCGHmM044AIAAAPEI-37_2.fq.gz
130905_I1082_FCD21N0ACXX_L4_ARCGHmM044AIAAAPEI-37_1.fq.gz
130905_I1082_FCD21N0ACXX_L3_ARCGHmM044ALAAAPEI-56_2.fq.gz
130905_I1082_FCD21N0ACXX_L3_ARCGHmM044ALAAAPEI-56_1.fq.gz
130905_I1082_FCD21N0ACXX_L2_ARCGHmM044AKAAAPEI-55_2.fq.gz
130905_I1082_FCD21N0ACXX_L2_ARCGHmM044AKAAAPEI-55_1.fq.gz
130905_I1082_FCD21N0ACXX_L1_ARCGHmM044AKAAAPEI-55_2.fq.gz
130905_I1082_FCD21N0ACXX_L1_ARCGHmM044AKAAAPEI-55_1.fq.gz
130823_I1089_FCD27R4ACXX_L8_ARCGHmM044AKAAAPEI-55_2.fq.gz
130823_I1089_FCD27R4ACXX_L8_ARCGHmM044AKAAAPEI-55_1.fq.gz
130823_I1089_FCD27R4ACXX_L7_ARCGHmM044AHAAAPEI-36_2.fq.gz
130823_I1089_FCD27R4ACXX_L7_ARCGHmM044AHAAAPEI-36_1.fq.gz
130823_I1089_FCD27R4ACXX_L6_ARCGHmM044AFAAAPEI-33_2.fq.gz
130823_I1089_FCD27R4ACXX_L6_ARCGHmM044AFAAAPEI-33_1.fq.gz
130725_I1089_FCD23GWACXX_L1_CGSGHmM041ARAAAPEI-90_2.fq.gz
130725_I1089_FCD23GWACXX_L1_CGSGHmM041ARAAAPEI-90_1.fq.gz
130723_I1074_FCH0Y0GADXX_L2_CGSGHmM041ATAAAPEI-16_2.fq.gz
130723_I1074_FCH0Y0GADXX_L2_CGSGHmM041ATAAAPEI-16_1.fq.gz
130723_I1074_FCH0Y0GADXX_L1_CGSGHmM041ATAAAPEI-16_2.fq.gz
130723_I1074_FCH0Y0GADXX_L1_CGSGHmM041ATAAAPEI-16_1.fq.gz
130717_I1069_FCD23J4ACXX_L8_CGSGHmM041AQAAAPEI-89_2.fq.gz
130717_I1069_FCD23J4ACXX_L8_CGSGHmM041AQAAAPEI-89_1.fq.gz
130717_I1069_FCD23J4ACXX_L7_CGSGHmM041AQAAAPEI-89_2.fq.gz
130717_I1069_FCD23J4ACXX_L7_CGSGHmM041AQAAAPEI-89_1.fq.gz
130717_I1069_FCD22VKACXX_L1_CGSGHmM041ASAAAPEI-93_2.fq.gz
130717_I1069_FCD22VKACXX_L1_CGSGHmM041ASAAAPEI-93_1.fq.gz
130716_I1074_FCH0Y0EADXX_L2_index90_2.fq.gz
130716_I1074_FCH0Y0EADXX_L2_index90_1.fq.gz
130716_I1074_FCH0Y0EADXX_L1_index90_2.fq.gz
130716_I1074_FCH0Y0EADXX_L1_index90_1.fq.gz
130711_I1082_FCD23E2ACXX_L8_CGSGHmM041AQAAAPEI-89_2.fq.gz
130711_I1082_FCD23E2ACXX_L8_CGSGHmM041AQAAAPEI-89_1.fq.gz
130711_I1082_FCD23E2ACXX_L7_CGSGHmM041APAAAPEI-88_2.fq.gz
130711_I1082_FCD23E2ACXX_L7_CGSGHmM041APAAAPEI-88_1.fq.gz
130711_I1082_FCD23E2ACXX_L6_CGSGHmM041APAAAPEI-88_2.fq.gz
130711_I1082_FCD23E2ACXX_L6_CGSGHmM041APAAAPEI-88_1.fq.gz
130711_I1082_FCD23E2ACXX_L5_CGSGHmM041AOAAAPEI-75_2.fq.gz
130711_I1082_FCD23E2ACXX_L5_CGSGHmM041AOAAAPEI-75_1.fq.gz
130711_I1082_FCD23E2ACXX_L4_CGSGHmM041ANAAAPEI-74_2.fq.gz
130711_I1082_FCD23E2ACXX_L4_CGSGHmM041ANAAAPEI-74_1.fq.gz
130711_I1082_FCD23E2ACXX_L3_CGSGHmM041ANAAAPEI-74_2.fq.gz
130711_I1082_FCD23E2ACXX_L3_CGSGHmM041ANAAAPEI-74_1.fq.gz
130711_I1082_FCD23E2ACXX_L2_CGSGHmM041ANAAAPEI-74_2.fq.gz
130711_I1082_FCD23E2ACXX_L2_CGSGHmM041ANAAAPEI-74_1.fq.gz
130711_I1082_FCD23E2ACXX_L1_CGSGHmM041AMAAAPEI-62_2.fq.gz
130711_I1082_FCD23E2ACXX_L1_CGSGHmM041AMAAAPEI-62_1.fq.gz
130711_I1082_FCC21WLACXX_L8_CGSGHmM041AMAAAPEI-62_2.fq.gz
130711_I1082_FCC21WLACXX_L8_CGSGHmM041AMAAAPEI-62_1.fq.gz
130711_I1082_FCC21WLACXX_L7_CGSGHmM041AMAAAPEI-62_2.fq.gz
130711_I1082_FCC21WLACXX_L7_CGSGHmM041AMAAAPEI-62_1.fq.gz
130711_I1082_FCC21WLACXX_L6_CGSGHmM041ALAAAPEI-56_2.fq.gz
130711_I1082_FCC21WLACXX_L6_CGSGHmM041ALAAAPEI-56_1.fq.gz
130711_I1082_FCC21WLACXX_L5_CGSGHmM041ALAAAPEI-56_2.fq.gz
130711_I1082_FCC21WLACXX_L5_CGSGHmM041ALAAAPEI-56_1.fq.gz
130711_I1082_FCC21WLACXX_L4_CGSGHmM041AJAAAPEI-41_2.fq.gz
130711_I1082_FCC21WLACXX_L4_CGSGHmM041AJAAAPEI-41_1.fq.gz
130711_I1082_FCC21WLACXX_L3_CGSGHmM041AJAAAPEI-41_2.fq.gz
130711_I1082_FCC21WLACXX_L3_CGSGHmM041AJAAAPEI-41_1.fq.gz
130710_I1089_FCD23JEACXX_L8_CGSGHmM041AJAAAPEI-41_2.fq.gz
130710_I1089_FCD23JEACXX_L8_CGSGHmM041AJAAAPEI-41_1.fq.gz
130710_I1089_FCD23JEACXX_L7_CGSGHmM041AIAAAPEI-37_2.fq.gz
130710_I1089_FCD23JEACXX_L7_CGSGHmM041AIAAAPEI-37_1.fq.gz
130710_I1089_FCD23JEACXX_L6_CGSGHmM041AIAAAPEI-37_2.fq.gz
130710_I1089_FCD23JEACXX_L6_CGSGHmM041AIAAAPEI-37_1.fq.gz
130710_I1089_FCD23JEACXX_L5_CGSGHmM041AIAAAPEI-37_2.fq.gz
130710_I1089_FCD23JEACXX_L5_CGSGHmM041AIAAAPEI-37_1.fq.gz
130710_I1089_FCD23JEACXX_L4_CGSGHmM041AHAAAPEI-36_2.fq.gz
130710_I1089_FCD23JEACXX_L4_CGSGHmM041AHAAAPEI-36_1.fq.gz
130710_I1089_FCD23JEACXX_L3_CGSGHmM041AHAAAPEI-36_2.fq.gz
130710_I1089_FCD23JEACXX_L3_CGSGHmM041AHAAAPEI-36_1.fq.gz
130710_I1089_FCD23JEACXX_L2_CGSGHmM041AFAAAPEI-33_2.fq.gz
130710_I1089_FCD23JEACXX_L2_CGSGHmM041AFAAAPEI-33_1.fq.gz
130710_I1089_FCD23JEACXX_L1_CGSGHmM041AFAAAPEI-33_2.fq.gz
130710_I1089_FCD23JEACXX_L1_CGSGHmM041AFAAAPEI-33_1.fq.gz
130710_I1089_FCD23J7ACXX_L8_CGSGHmM041AFAAAPEI-33_2.fq.gz
130710_I1089_FCD23J7ACXX_L8_CGSGHmM041AFAAAPEI-33_1.fq.gz
130710_I1089_FCD23J7ACXX_L7_CGSGHmM041ADAAAPEI-26_2.fq.gz
130710_I1089_FCD23J7ACXX_L7_CGSGHmM041ADAAAPEI-26_1.fq.gz
130710_I1089_FCD23J7ACXX_L6_CGSGHmM041ADAAAPEI-26_2.fq.gz
130710_I1089_FCD23J7ACXX_L6_CGSGHmM041ADAAAPEI-26_1.fq.gz
130710_I1089_FCD23J7ACXX_L5_CGSGHmM041ABAAAPEI-24_2.fq.gz
130710_I1089_FCD23J7ACXX_L5_CGSGHmM041ABAAAPEI-24_1.fq.gz
130710_I1089_FCD23J7ACXX_L4_CGSGHmM041ABAAAPEI-24_2.fq.gz
130710_I1089_FCD23J7ACXX_L4_CGSGHmM041ABAAAPEI-24_1.fq.gz
130710_I1089_FCD23J7ACXX_L3_CGSGHmM041ABAAAPEI-24_2.fq.gz
130710_I1089_FCD23J7ACXX_L3_CGSGHmM041ABAAAPEI-24_1.fq.gz
130710_I1089_FCD23J7ACXX_L2_CGSGHmM041AKAAAPEI-55_2.fq.gz
130710_I1089_FCD23J7ACXX_L2_CGSGHmM041AKAAAPEI-55_1.fq.gz
130708_I1009_FCD23ETACXX_L4_CGSGHmM041AAAAAPEI-19_2.fq.gz
130708_I1009_FCD23ETACXX_L4_CGSGHmM041AAAAAPEI-19_1.fq.gz
130708_I1009_FCC21M0ACXX_L7_CGSGHmM041AEAAAPEI-31_2.fq.gz
130708_I1009_FCC21M0ACXX_L7_CGSGHmM041AEAAAPEI-31_1.fq.gz
130708_I1009_FCC21M0ACXX_L6_CGSGHmM041AEAAAPEI-31_2.fq.gz
130708_I1009_FCC21M0ACXX_L6_CGSGHmM041AEAAAPEI-31_1.fq.gz
130708_I1009_FCC21M0ACXX_L4_CGSGHmM041AAAAAPEI-19_2.fq.gz
130708_I1009_FCC21M0ACXX_L4_CGSGHmM041AAAAAPEI-19_1.fq.gz
130702_I1069_FCC21WAACXX_L4_CGSGHmM041AGAAAPEI-34_2.fq.gz
130702_I1069_FCC21WAACXX_L4_CGSGHmM041AGAAAPEI-34_1.fq.gz
130702_I1069_FCC21WAACXX_L3_CGSGHmM041AEAAAPEI-31_2.fq.gz
130702_I1069_FCC21WAACXX_L3_CGSGHmM041AEAAAPEI-31_1.fq.gz
130702_I1069_FCC21WAACXX_L2_CGSGHmM041ACAAAPEI-25_2.fq.gz
130702_I1069_FCC21WAACXX_L2_CGSGHmM041ACAAAPEI-25_1.fq.gz
130702_I1069_FCC21WAACXX_L1_CGSGHmM041AAAAAPEI-19_2.fq.gz
130702_I1069_FCC21WAACXX_L1_CGSGHmM041AAAAAPEI-19_1.fq.gz
130515_I1069_FCC1VK9ACXX_L8_ARCGHMM026AMAAAPEI-75_2.fq.gz
130515_I1069_FCC1VK9ACXX_L8_ARCGHMM026AMAAAPEI-75_1.fq.gz
130502_I1074_FCD1YY4ACXX_L8_ARCGHMM026AXAAAPEI-33_2.fq.gz
130502_I1074_FCD1YY4ACXX_L8_ARCGHMM026AXAAAPEI-33_1.fq.gz
130502_I1074_FCD1YY4ACXX_L7_ARCGHMM026AXAAAPEI-33_2.fq.gz
130502_I1074_FCD1YY4ACXX_L7_ARCGHMM026AXAAAPEI-33_1.fq.gz
130502_I1074_FCD1YY4ACXX_L6_ARCGHMM026AMAAAPEI-75_2.fq.gz
130502_I1074_FCD1YY4ACXX_L6_ARCGHMM026AMAAAPEI-75_1.fq.gz
130502_I1074_FCD1YY4ACXX_L5_ARCGHMM026AMAAAPEI-75_2.fq.gz
130502_I1074_FCD1YY4ACXX_L5_ARCGHMM026AMAAAPEI-75_1.fq.gz
130405_I1069_FCC1VHFACXX_L3_ARCGHMM026ASAAAPEI-26_2.fq.gz
130405_I1069_FCC1VHFACXX_L3_ARCGHMM026ASAAAPEI-26_1.fq.gz
130405_I1069_FCC1VHFACXX_L2_ARCGHMM026ASAAAPEI-25_2.fq.gz
130405_I1069_FCC1VHFACXX_L2_ARCGHMM026ASAAAPEI-25_1.fq.gz
130403_I1009_FCC218EACXX_L3_ARCGHMM026AQAAAPEI-93_2.fq.gz
130403_I1009_FCC218EACXX_L3_ARCGHMM026AQAAAPEI-93_1.fq.gz
130329_I1074_FCD1YY8ACXX_L8_ARCGHMM026ATAAAPEI-26_2.fq.gz
130329_I1074_FCD1YY8ACXX_L8_ARCGHMM026ATAAAPEI-26_1.fq.gz
130329_I1074_FCD1YY8ACXX_L7_ARCGHMM026ATAAAPEI-26_2.fq.gz
130329_I1074_FCD1YY8ACXX_L7_ARCGHMM026ATAAAPEI-26_1.fq.gz
130329_I1074_FCD1YY8ACXX_L6_ARCGHMM026ASAAAPEI-25_2.fq.gz
130329_I1074_FCD1YY8ACXX_L6_ARCGHMM026ASAAAPEI-25_1.fq.gz
130329_I1074_FCD1YY8ACXX_L5_ARCGHMM026ASAAAPEI-25_2.fq.gz
130329_I1074_FCD1YY8ACXX_L5_ARCGHMM026ASAAAPEI-25_1.fq.gz
130322_I1069_FCC1VKWACXX_L8_ARCGHMM026ARAAAPEI-24_2.fq.gz
130322_I1069_FCC1VKWACXX_L8_ARCGHMM026ARAAAPEI-24_1.fq.gz
130322_I1069_FCC1VKWACXX_L7_ARCGHMM026AQAAAPEI-93_2.fq.gz
130322_I1069_FCC1VKWACXX_L7_ARCGHMM026AQAAAPEI-93_1.fq.gz
130322_I1069_FCC1ME7ACXX_L3_ARCGHMM026ARAAAPEI-24_2.fq.gz
130322_I1069_FCC1ME7ACXX_L3_ARCGHMM026ARAAAPEI-24_1.fq.gz
130320_I1135_FCD24LLACXX_L6_ARCGHMM026ANAAAPEI-33_2.fq.gz
130320_I1135_FCD24LLACXX_L6_ARCGHMM026ANAAAPEI-33_1.fq.gz
130320_I1135_FCD24LLACXX_L5_ARCGHMM026AWAAAPEI-31_2.fq.gz
130320_I1135_FCD24LLACXX_L5_ARCGHMM026AWAAAPEI-31_1.fq.gz
130320_I1135_FCD24LLACXX_L4_ARCGHMM026APAAAPEI-90_2.fq.gz
130320_I1135_FCD24LLACXX_L4_ARCGHMM026APAAAPEI-90_1.fq.gz
130320_I1135_FCD24LLACXX_L3_ARCGHMM026AOAAAPEI-89_2.fq.gz
130320_I1135_FCD24LLACXX_L3_ARCGHMM026AOAAAPEI-89_1.fq.gz
130320_I1135_FCD24LLACXX_L2_ARCGHMM026AOAAAPEI-89_2.fq.gz
130320_I1135_FCD24LLACXX_L2_ARCGHMM026AOAAAPEI-89_1.fq.gz
130320_I1135_FCD24LLACXX_L1_ARCGHMM026AOAAAPEI-89_2.fq.gz
130320_I1135_FCD24LLACXX_L1_ARCGHMM026AOAAAPEI-89_1.fq.gz
130320_I1135_FCC0YIFACXX_L8_ARCGHMM026AWAAAPEI-31_2.fq.gz
130320_I1135_FCC0YIFACXX_L8_ARCGHMM026AWAAAPEI-31_1.fq.gz
130320_I1135_FCC0YIFACXX_L1_ARCGHMM026APAAAPEI-90_2.fq.gz
130320_I1135_FCC0YIFACXX_L1_ARCGHMM026APAAAPEI-90_1.fq.gz
130315_I1074_FCD1R0JACXX_L8_ARCGHMM026ARAAAPEI-24_2.fq.gz
130315_I1074_FCD1R0JACXX_L8_ARCGHMM026ARAAAPEI-24_1.fq.gz
130315_I1074_FCD1R0JACXX_L7_ARCGHMM026AQAAAPEI-93_2.fq.gz
130315_I1074_FCD1R0JACXX_L7_ARCGHMM026AQAAAPEI-93_1.fq.gz
130312_I1125_FCC1PR4ACXX_L8_ARCGHMM026AWAAAPEI-31_2.fq.gz
130312_I1125_FCC1PR4ACXX_L8_ARCGHMM026AWAAAPEI-31_1.fq.gz
130312_I1125_FCC1PR4ACXX_L7_ARCGHMM026APAAAPEI-90_2.fq.gz
130312_I1125_FCC1PR4ACXX_L7_ARCGHMM026APAAAPEI-90_1.fq.gz
130312_I1125_FCC1PR4ACXX_L6_ARCGHMM026AOAAAPEI-89_2.fq.gz
130312_I1125_FCC1PR4ACXX_L6_ARCGHMM026AOAAAPEI-89_1.fq.gz
130312_I1125_FCC1PR4ACXX_L5_ARCGHMM026ANAAAPEI-88_2.fq.gz
130312_I1125_FCC1PR4ACXX_L5_ARCGHMM026ANAAAPEI-88_1.fq.gz
130312_I1125_FCC0WDGACXX_L5_ARCGHMM026AMAAAPEI-75_2.fq.gz
130312_I1125_FCC0WDGACXX_L5_ARCGHMM026AMAAAPEI-75_1.fq.gz
130307_I1135_FCC1PFHACXX_L1_ARCGHMM026ANAAAPEI-88_2.fq.gz
130307_I1135_FCC1PFHACXX_L1_ARCGHMM026ANAAAPEI-88_1.fq.gz
130305_I7001139_FCC1HY9ACXX_L8_ARCGHMM026AMAAAPEI-75_2.fq.gz
130305_I7001139_FCC1HY9ACXX_L8_ARCGHMM026AMAAAPEI-75_1.fq.gz
130207_I1074_FCD1RCBACXX_L8_ARCGHMM026AVAAAPEI-37_2.fq.gz
130207_I1074_FCD1RCBACXX_L8_ARCGHMM026AVAAAPEI-37_1.fq.gz
130207_I1074_FCD1RCBACXX_L7_ARCGHMM026AUAAAPEI-36_2.fq.gz
130207_I1074_FCD1RCBACXX_L7_ARCGHMM026AUAAAPEI-36_1.fq.gz
130207_I1074_FCC1MJDACXX_L8_ARCGHMM026AVAAAPEI-37_2.fq.gz
130207_I1074_FCC1MJDACXX_L8_ARCGHMM026AVAAAPEI-37_1.fq.gz
130207_I1074_FCC1MJDACXX_L7_ARCGHMM026AUAAAPEI-36_2.fq.gz
130207_I1074_FCC1MJDACXX_L7_ARCGHMM026AUAAAPEI-36_1.fq.gz
130206_I1089_FCC1MNNACXX_L8_ARCGHMM026AVAAAPEI-37_2.fq.gz
130206_I1089_FCC1MNNACXX_L8_ARCGHMM026AVAAAPEI-37_1.fq.gz
130206_I1089_FCC1MNNACXX_L7_ARCGHMM026AUAAAPEI-36_2.fq.gz
130206_I1089_FCC1MNNACXX_L7_ARCGHMM026AUAAAPEI-36_1.fq.gz
121018_I1089_FCD193NACXX_L6_ARCGHmMAALAABPEI_88_2.fq.gz
121018_I1089_FCD193NACXX_L6_ARCGHmMAALAABPEI_88_1.fq.gz
121018_I1089_FCD193NACXX_L5_ARCGHmMAALAAAPEI_75_2.fq.gz
121018_I1089_FCD193NACXX_L5_ARCGHmMAALAAAPEI_75_1.fq.gz
121018_I1089_FCD193NACXX_L4_ARCGHmMAAKAABPEI_74_2.fq.gz
121018_I1089_FCD193NACXX_L4_ARCGHmMAAKAABPEI_74_1.fq.gz
121018_I1089_FCD193NACXX_L3_ARCGHmMAAKAAAPEI_62_2.fq.gz
121018_I1089_FCD193NACXX_L3_ARCGHmMAAKAAAPEI_62_1.fq.gz
121018_I1089_FCD193NACXX_L2_ARCGHmMAAJAABPEI_56_2.fq.gz
121018_I1089_FCD193NACXX_L2_ARCGHmMAAJAABPEI_56_1.fq.gz
121018_I1089_FCD193NACXX_L1_ARCGHmMAAJAAAPEI_55_2.fq.gz
121018_I1089_FCD193NACXX_L1_ARCGHmMAAJAAAPEI_55_1.fq.gz
121016_I1074_FCD18Y7ACXX_L8_ARCGHmMAAIAABPEI_41_2.fq.gz
121016_I1074_FCD18Y7ACXX_L8_ARCGHmMAAIAABPEI_41_1.fq.gz
121016_I1074_FCD18Y7ACXX_L7_ARCGHmMAAIAAAPEI_37_2.fq.gz
121016_I1074_FCD18Y7ACXX_L7_ARCGHmMAAIAAAPEI_37_1.fq.gz
121016_I1074_FCD18Y7ACXX_L6_ARCGHmMAAHAABPEI_36_2.fq.gz
121016_I1074_FCD18Y7ACXX_L6_ARCGHmMAAHAABPEI_36_1.fq.gz
121016_I1074_FCD18Y7ACXX_L5_ARCGHmMAAHAAAPEI_34_2.fq.gz
121016_I1074_FCD18Y7ACXX_L5_ARCGHmMAAHAAAPEI_34_1.fq.gz
121016_I1074_FCD18Y7ACXX_L4_ARCGHmMAAGAABPEI_33_2.fq.gz
121016_I1074_FCD18Y7ACXX_L4_ARCGHmMAAGAABPEI_33_1.fq.gz
121016_I1074_FCD18Y7ACXX_L3_ARCGHmMAAGAAAPEI_31_2.fq.gz
121016_I1074_FCD18Y7ACXX_L3_ARCGHmMAAGAAAPEI_31_1.fq.gz
121016_I1074_FCD18Y7ACXX_L2_ARCGHmMAAFAABPEI_26_2.fq.gz
121016_I1074_FCD18Y7ACXX_L2_ARCGHmMAAFAABPEI_26_1.fq.gz
121016_I1074_FCD18Y7ACXX_L1_ARCGHmMAAFAAAPEI_25_2.fq.gz
121016_I1074_FCD18Y7ACXX_L1_ARCGHmMAAFAAAPEI_25_1.fq.gz
121011_I1082_FCC194JACXX_L8_ARCGHmMAAIAABPEI_41_2.fq.gz
121011_I1082_FCC194JACXX_L8_ARCGHmMAAIAABPEI_41_1.fq.gz
121011_I1082_FCC194JACXX_L7_ARCGHmMAAIAAAPEI_37_2.fq.gz
121011_I1082_FCC194JACXX_L7_ARCGHmMAAIAAAPEI_37_1.fq.gz
121011_I1082_FCC194JACXX_L6_ARCGHmMAAHAABPEI_36_2.fq.gz
121011_I1082_FCC194JACXX_L6_ARCGHmMAAHAABPEI_36_1.fq.gz
121011_I1082_FCC194JACXX_L5_ARCGHmMAAHAAAPEI_34_2.fq.gz
121011_I1082_FCC194JACXX_L5_ARCGHmMAAHAAAPEI_34_1.fq.gz
121011_I1082_FCC194JACXX_L4_ARCGHmMAAGAABPEI_33_2.fq.gz
121011_I1082_FCC194JACXX_L4_ARCGHmMAAGAABPEI_33_1.fq.gz
121011_I1082_FCC194JACXX_L3_ARCGHmMAAGAAAPEI_31_2.fq.gz
121011_I1082_FCC194JACXX_L3_ARCGHmMAAGAAAPEI_31_1.fq.gz
121011_I1082_FCC194JACXX_L2_ARCGHmMAAFAABPEI_26_2.fq.gz
121011_I1082_FCC194JACXX_L2_ARCGHmMAAFAABPEI_26_1.fq.gz
121011_I1082_FCC194JACXX_L1_ARCGHmMAAFAAAPEI_25_2.fq.gz
121011_I1082_FCC194JACXX_L1_ARCGHmMAAFAAAPEI_25_1.fq.gz
121011_I1082_FCC0H9BACXX_L8_ARCGHmMAAEAABPEI_24_2.fq.gz
121011_I1082_FCC0H9BACXX_L8_ARCGHmMAAEAABPEI_24_1.fq.gz
121011_I1082_FCC0H9BACXX_L7_ARCGHmMAAEAAAPEI_19_2.fq.gz
121011_I1082_FCC0H9BACXX_L7_ARCGHmMAAEAAAPEI_19_1.fq.gz
121011_I1082_FCC0H9BACXX_L6_ARCGHmMAALAABPEI_88_2.fq.gz
121011_I1082_FCC0H9BACXX_L6_ARCGHmMAALAABPEI_88_1.fq.gz
121011_I1082_FCC0H9BACXX_L5_ARCGHmMAALAAAPEI_75_2.fq.gz
121011_I1082_FCC0H9BACXX_L5_ARCGHmMAALAAAPEI_75_1.fq.gz
121011_I1082_FCC0H9BACXX_L4_ARCGHmMAAKAABPEI_74_2.fq.gz
121011_I1082_FCC0H9BACXX_L4_ARCGHmMAAKAABPEI_74_1.fq.gz
121011_I1082_FCC0H9BACXX_L3_ARCGHmMAAKAAAPEI_62_2.fq.gz
121011_I1082_FCC0H9BACXX_L3_ARCGHmMAAKAAAPEI_62_1.fq.gz
121011_I1082_FCC0H9BACXX_L2_ARCGHmMAAJAABPEI_56_2.fq.gz
121011_I1082_FCC0H9BACXX_L2_ARCGHmMAAJAABPEI_56_1.fq.gz
121011_I1082_FCC0H9BACXX_L1_ARCGHmMAAJAAAPEI_55_2.fq.gz
121011_I1082_FCC0H9BACXX_L1_ARCGHmMAAJAAAPEI_55_1.fq.gz
121009_I1009_FCD0R6NACXX_L8_ARCGHmMAAEAABPEI_24_2.fq.gz
121009_I1009_FCD0R6NACXX_L8_ARCGHmMAAEAABPEI_24_1.fq.gz
121009_I1009_FCD0R6NACXX_L7_ARCGHmMAAEAAAPEI_19_2.fq.gz
121009_I1009_FCD0R6NACXX_L7_ARCGHmMAAEAAAPEI_19_1.fq.gz
121009_I1009_FCD0R6NACXX_L6_ARCGHmMAALAABPEI_88_2.fq.gz
121009_I1009_FCD0R6NACXX_L6_ARCGHmMAALAABPEI_88_1.fq.gz
121009_I1009_FCD0R6NACXX_L5_ARCGHmMAALAAAPEI_75_2.fq.gz
121009_I1009_FCD0R6NACXX_L5_ARCGHmMAALAAAPEI_75_1.fq.gz
121009_I1009_FCD0R6NACXX_L4_ARCGHmMAAKAABPEI_74_2.fq.gz
121009_I1009_FCD0R6NACXX_L4_ARCGHmMAAKAABPEI_74_1.fq.gz
121009_I1009_FCD0R6NACXX_L3_ARCGHmMAAKAAAPEI_62_2.fq.gz
121009_I1009_FCD0R6NACXX_L3_ARCGHmMAAKAAAPEI_62_1.fq.gz
121009_I1009_FCD0R6NACXX_L2_ARCGHmMAAJAABPEI_56_2.fq.gz
121009_I1009_FCD0R6NACXX_L2_ARCGHmMAAJAABPEI_56_1.fq.gz
121009_I1009_FCD0R6NACXX_L1_ARCGHmMAAJAAAPEI_55_2.fq.gz
121009_I1009_FCD0R6NACXX_L1_ARCGHmMAAJAAAPEI_55_1.fq.gz
121009_I1009_FCD0R0LACXX_L8_ARCGHmMAAIAABPEI_41_2.fq.gz
121009_I1009_FCD0R0LACXX_L8_ARCGHmMAAIAABPEI_41_1.fq.gz
121009_I1009_FCD0R0LACXX_L7_ARCGHmMAAIAAAPEI_37_2.fq.gz
121009_I1009_FCD0R0LACXX_L7_ARCGHmMAAIAAAPEI_37_1.fq.gz
121009_I1009_FCD0R0LACXX_L6_ARCGHmMAAHAABPEI_36_2.fq.gz
121009_I1009_FCD0R0LACXX_L6_ARCGHmMAAHAABPEI_36_1.fq.gz
121009_I1009_FCD0R0LACXX_L5_ARCGHmMAAHAAAPEI_34_2.fq.gz
121009_I1009_FCD0R0LACXX_L5_ARCGHmMAAHAAAPEI_34_1.fq.gz
121009_I1009_FCD0R0LACXX_L4_ARCGHmMAAGAABPEI_33_2.fq.gz
121009_I1009_FCD0R0LACXX_L4_ARCGHmMAAGAABPEI_33_1.fq.gz
121009_I1009_FCD0R0LACXX_L3_ARCGHmMAAGAAAPEI_31_2.fq.gz
121009_I1009_FCD0R0LACXX_L3_ARCGHmMAAGAAAPEI_31_1.fq.gz
121009_I1009_FCD0R0LACXX_L2_ARCGHmMAAFAABPEI_26_2.fq.gz
121009_I1009_FCD0R0LACXX_L2_ARCGHmMAAFAABPEI_26_1.fq.gz
121009_I1009_FCD0R0LACXX_L1_ARCGHmMAAFAAAPEI_25_2.fq.gz
121009_I1009_FCD0R0LACXX_L1_ARCGHmMAAFAAAPEI_25_1.fq.gz
121006_I1069_FCC0HHAACXX_L8_ARCGHmMAAEAABPEI_24_2.fq.gz
121006_I1069_FCC0HHAACXX_L8_ARCGHmMAAEAABPEI_24_1.fq.gz
121006_I1069_FCC0HHAACXX_L7_ARCGHmMAAEAAAPEI_19_2.fq.gz
121006_I1069_FCC0HHAACXX_L7_ARCGHmMAAEAAAPEI_19_1.fq.gz
121006_I1069_FCC0HHAACXX_L4_ARCGHmMAADAABPEI_36_2.fq.gz
121006_I1069_FCC0HHAACXX_L4_ARCGHmMAADAABPEI_36_1.fq.gz
121006_I1069_FCC0HHAACXX_L3_ARCGHmMAACAABPEI_33_2.fq.gz
121006_I1069_FCC0HHAACXX_L3_ARCGHmMAACAABPEI_33_1.fq.gz
121006_I1069_FCC0HHAACXX_L2_ARCGHmMAABAABPEI_26_2.fq.gz
121006_I1069_FCC0HHAACXX_L2_ARCGHmMAABAABPEI_26_1.fq.gz
121006_I1069_FCC0HHAACXX_L1_ARCGHmMAAAAABPEI_24_2.fq.gz
121006_I1069_FCC0HHAACXX_L1_ARCGHmMAAAAABPEI_24_1.fq.gz
120926_I1082_FCC0HGCACXX_L8_ARCGHmMAADAAAPEI_34_2.fq.gz
120926_I1082_FCC0HGCACXX_L8_ARCGHmMAADAAAPEI_34_1.fq.gz
120926_I1082_FCC0HGCACXX_L7_ARCGHmMAACAAAPEI_31_2.fq.gz
120926_I1082_FCC0HGCACXX_L7_ARCGHmMAACAAAPEI_31_1.fq.gz
120926_I1082_FCC0HGCACXX_L6_ARCGHmMAABAAAPEI_25_2.fq.gz
120926_I1082_FCC0HGCACXX_L6_ARCGHmMAABAAAPEI_25_1.fq.gz
120926_I1082_FCC0HGCACXX_L5_ARCGHmMAAAAAAPEI_19_2.fq.gz
120926_I1082_FCC0HGCACXX_L5_ARCGHmMAAAAAAPEI_19_1.fq.gz
120926_I1082_FCC0HGCACXX_L4_ARCGHmMAADAABPEI_36_2.fq.gz
120926_I1082_FCC0HGCACXX_L4_ARCGHmMAADAABPEI_36_1.fq.gz
120926_I1082_FCC0HGCACXX_L3_ARCGHmMAACAABPEI_33_2.fq.gz
120926_I1082_FCC0HGCACXX_L3_ARCGHmMAACAABPEI_33_1.fq.gz
120926_I1082_FCC0HGCACXX_L2_ARCGHmMAABAABPEI_26_2.fq.gz
120926_I1082_FCC0HGCACXX_L2_ARCGHmMAABAABPEI_26_1.fq.gz
120926_I1082_FCC0HGCACXX_L1_ARCGHmMAAAAABPEI_24_2.fq.gz
120926_I1082_FCC0HGCACXX_L1_ARCGHmMAAAAABPEI_24_1.fq.gz
120925_I1009_FCD0PNTACXX_L8_ARCGHmMAADAAAPEI_34_2.fq.gz
120925_I1009_FCD0PNTACXX_L8_ARCGHmMAADAAAPEI_34_1.fq.gz
120925_I1009_FCD0PNTACXX_L7_ARCGHmMAACAAAPEI_31_2.fq.gz
120925_I1009_FCD0PNTACXX_L7_ARCGHmMAACAAAPEI_31_1.fq.gz
120925_I1009_FCD0PNTACXX_L6_ARCGHmMAABAAAPEI_25_2.fq.gz
120925_I1009_FCD0PNTACXX_L6_ARCGHmMAABAAAPEI_25_1.fq.gz
120925_I1009_FCD0PNTACXX_L5_ARCGHmMAAAAAAPEI_19_2.fq.gz
120925_I1009_FCD0PNTACXX_L5_ARCGHmMAAAAAAPEI_19_1.fq.gz
120925_I1009_FCD0PNTACXX_L4_ARCGHmMAADAABPEI_36_2.fq.gz
120925_I1009_FCD0PNTACXX_L4_ARCGHmMAADAABPEI_36_1.fq.gz
120925_I1009_FCD0PNTACXX_L3_ARCGHmMAACAABPEI_33_2.fq.gz
120925_I1009_FCD0PNTACXX_L3_ARCGHmMAACAABPEI_33_1.fq.gz
120925_I1009_FCD0PNTACXX_L2_ARCGHmMAABAABPEI_26_2.fq.gz
120925_I1009_FCD0PNTACXX_L2_ARCGHmMAABAABPEI_26_1.fq.gz
120925_I1009_FCD0PNTACXX_L1_ARCGHmMAAAAABPEI_24_2.fq.gz
120925_I1009_FCD0PNTACXX_L1_ARCGHmMAAAAABPEI_24_1.fq.gz
120920_I1074_FCD1240ACXX_L8_ARCGHmMAADAAAPEI-34_2.fq.gz
120920_I1074_FCD1240ACXX_L8_ARCGHmMAADAAAPEI-34_1.fq.gz
120920_I1074_FCD1240ACXX_L7_ARCGHmMAACAAAPEI-31_2.fq.gz
120920_I1074_FCD1240ACXX_L7_ARCGHmMAACAAAPEI-31_1.fq.gz
120920_I1074_FCD1240ACXX_L6_ARCGHmMAABAAAPEI-25_2.fq.gz
120920_I1074_FCD1240ACXX_L6_ARCGHmMAABAAAPEI-25_1.fq.gz
120920_I1074_FCD1240ACXX_L5_ARCGHmMAAAAAAPEI-19_2.fq.gz
120920_I1074_FCD1240ACXX_L5_ARCGHmMAAAAAAPEI-19_1.fq.gz
